\BOOKMARK [1][-]{section.1}{\376\377\147\015\122\241\116\016\147\015\122\241\174\373\176\337}{}% 1
\BOOKMARK [2][-]{subsection.1.1}{\376\377\147\015\122\241}{section.1}% 2
\BOOKMARK [3][-]{subsubsection.1.1.1}{\376\377\147\015\122\241\166\204\151\202\137\365}{subsection.1.1}% 3
\BOOKMARK [3][-]{subsubsection.1.1.2}{\376\377\147\015\122\241\116\016\122\066\220\040}{subsection.1.1}% 4
\BOOKMARK [3][-]{subsubsection.1.1.3}{\376\377\147\015\122\241\123\321\134\125\215\213\122\277}{subsection.1.1}% 5
\BOOKMARK [2][-]{subsection.1.2}{\376\377\147\015\122\241\174\373\176\337}{section.1}% 6
\BOOKMARK [3][-]{subsubsection.1.2.1}{\376\377\127\372\147\054\151\202\137\365}{subsection.1.2}% 7
\BOOKMARK [3][-]{subsubsection.1.2.2}{\376\377\000I\000T\117\177\200\375\166\204\147\015\122\241\174\373\176\337}{subsection.1.2}% 8
\BOOKMARK [3][-]{subsubsection.1.2.3}{\376\377\147\015\122\241\165\037\140\001\174\373\176\337}{subsection.1.2}% 9
\BOOKMARK [2][-]{subsection.1.3}{\376\377\227\142\124\021\147\015\122\241\166\204\203\003\127\213}{section.1}% 10
\BOOKMARK [3][-]{subsubsection.1.3.1}{\376\377\217\157\116\366\166\204\123\321\134\125\217\307\172\013}{subsection.1.3}% 11
\BOOKMARK [3][-]{subsubsection.1.3.2}{\376\377\124\175\116\344\137\017\377\010\217\307\172\013\137\017\377\011\154\333\127\213}{subsection.1.3}% 12
\BOOKMARK [3][-]{subsubsection.1.3.3}{\376\377\227\142\124\021\133\371\214\141\166\204\154\333\127\213}{subsection.1.3}% 13
\BOOKMARK [3][-]{subsubsection.1.3.4}{\376\377\127\372\116\216\147\204\116\366\166\204\154\333\127\213}{subsection.1.3}% 14
\BOOKMARK [3][-]{subsubsection.1.3.5}{\376\377\227\142\124\021\147\015\122\241\166\204\154\333\127\213}{subsection.1.3}% 15
\BOOKMARK [1][-]{section.2}{\376\377\147\015\122\241\165\037\140\001\174\373\176\337\116\016\227\142\124\021\147\015\122\241\166\204\213\241\173\227}{}% 16
\BOOKMARK [2][-]{subsection.2.1}{\376\377\147\015\122\241\165\037\140\001\174\373\176\337}{section.2}% 17
\BOOKMARK [3][-]{subsubsection.2.1.1}{\376\377\147\015\122\241\176\304\124\010}{subsection.2.1}% 18
\BOOKMARK [3][-]{subsubsection.2.1.2}{\376\377\147\015\122\241\136\223\133\130}{subsection.2.1}% 19
\BOOKMARK [3][-]{subsubsection.2.1.3}{\376\377\147\015\122\241\165\037\140\001\174\373\176\337}{subsection.2.1}% 20
\BOOKMARK [2][-]{subsection.2.2}{\376\377\147\015\122\241\213\241\173\227}{section.2}% 21
\BOOKMARK [3][-]{subsubsection.2.2.1}{\376\377\147\015\122\241\213\241\173\227\166\204\133\232\116\111}{subsection.2.2}% 22
\BOOKMARK [3][-]{subsubsection.2.2.2}{\376\377\227\142\124\021\147\015\122\241\116\016\227\142\124\021\147\015\122\241\166\204\166\356\150\007}{subsection.2.2}% 23
\BOOKMARK [2][-]{subsection.2.3}{\376\377\227\142\124\021\147\015\122\241\116\016\227\142\124\021\133\371\214\141}{section.2}% 24
\BOOKMARK [3][-]{subsubsection.2.3.1}{\376\377\227\142\124\021\147\015\122\241\116\016\227\142\124\021\133\371\214\141\166\204\133\371\153\324}{subsection.2.3}% 25
\BOOKMARK [3][-]{subsubsection.2.3.2}{\376\377\133\371\214\141\000/\174\173\000/\143\245\123\343\116\016\147\015\122\241\124\010\176\246}{subsection.2.3}% 26
\BOOKMARK [3][-]{subsubsection.2.3.3}{\376\377\227\142\124\021\133\371\214\141\213\276\213\241\123\237\122\031\116\113\116\216\227\142\124\021\147\015\122\241}{subsection.2.3}% 27
\BOOKMARK [1][-]{section.3}{\376\377\227\142\124\021\147\015\122\241\166\204\147\266\147\204}{}% 28
\BOOKMARK [2][-]{subsection.3.1}{\376\377\227\142\124\021\147\015\122\241\166\204\147\266\147\204\151\202\217\360}{section.3}% 29
\BOOKMARK [2][-]{subsection.3.2}{\376\377\000S\000O\000A\166\204\162\171\160\271}{section.3}% 30
\BOOKMARK [2][-]{subsection.3.3}{\376\377\000S\000O\000A\123\302\200\003\147\266\147\204}{section.3}% 31
\BOOKMARK [2][-]{subsection.3.4}{\376\377\000S\000O\000A\211\343\121\263\145\271\150\110\165\037\124\175\124\150\147\037}{section.3}% 32
\BOOKMARK [1][-]{section.4}{\376\377\227\142\124\021\147\015\122\241\116\055\166\204\117\341\140\157\116\244\143\142\124\214\145\160\143\156\174\173\127\213}{}% 33
\BOOKMARK [2][-]{subsection.4.1}{\376\377\165\065\133\120\117\341\140\157\116\244\143\142}{section.4}% 34
\BOOKMARK [2][-]{subsection.4.2}{\376\377\000X\000M\000L}{section.4}% 35
\BOOKMARK [3][-]{subsubsection.4.2.1}{\376\377\000X\000M\000L\166\204\176\323\147\204}{subsection.4.2}% 36
\BOOKMARK [3][-]{subsubsection.4.2.2}{\376\377\150\074\137\017\202\157\131\175\166\204\000X\000M\000L}{subsection.4.2}% 37
\BOOKMARK [2][-]{subsection.4.3}{\376\377\000N\000a\000m\000e\000S\000p\000a\000c\000e\000s}{section.4}% 38
\BOOKMARK [3][-]{subsubsection.4.3.1}{\376\377\000N\000a\000m\000e\000S\000p\000a\000c\000e\000s\166\204\137\025\121\145}{subsection.4.3}% 39
\BOOKMARK [3][-]{subsubsection.4.3.2}{\376\377\000Q\000N\000a\000m\000e\000s}{subsection.4.3}% 40
\BOOKMARK [3][-]{subsubsection.4.3.3}{\376\377\000N\000a\000m\000e\000s\000p\000a\000c\000e\000s\166\204\130\360\146\016}{subsection.4.3}% 41
\BOOKMARK [3][-]{subsubsection.4.3.4}{\376\377\124\015\171\360\172\172\225\364\117\134\165\050\127\337}{subsection.4.3}% 42
\BOOKMARK [3][-]{subsubsection.4.3.5}{\376\377\236\330\213\244\124\015\171\360\172\172\225\364}{subsection.4.3}% 43
\BOOKMARK [3][-]{subsubsection.4.3.6}{\376\377\142\345\147\011\131\032\116\052\124\015\171\360\172\172\225\364\166\204\000X\000M\000L\145\207\150\143}{subsection.4.3}% 44
\BOOKMARK [3][-]{subsubsection.4.3.7}{\376\377\154\241\147\011\124\015\171\360\172\172\225\364\166\204\121\103\175\040}{subsection.4.3}% 45
\BOOKMARK [3][-]{subsubsection.4.3.8}{\376\377\134\136\140\047\116\016\124\015\171\360\172\172\225\364}{subsection.4.3}% 46
\BOOKMARK [2][-]{subsection.4.4}{\376\377\000X\000M\000L\000\040\000S\000c\000h\000e\000m\000a}{section.4}% 47
\BOOKMARK [3][-]{subsubsection.4.4.1}{\376\377\116\072\116\300\116\110\211\201\137\025\121\145\000X\000M\000L\000\040\000S\000c\000h\000e\000m\000a}{subsection.4.4}% 48
\BOOKMARK [3][-]{subsubsection.4.4.2}{\376\377\000X\000M\000L\000\040\000S\000c\000h\000e\000m\000a\166\204\176\323\147\204}{subsection.4.4}% 49
\BOOKMARK [3][-]{subsubsection.4.4.3}{\376\377\000X\000M\000L\000\040\000S\000c\000h\000e\000m\000a\166\204\162\171\160\271}{subsection.4.4}% 50
\BOOKMARK [3][-]{subsubsection.4.4.4}{\376\377\121\103\175\040\130\360\146\016}{subsection.4.4}% 51
\BOOKMARK [3][-]{subsubsection.4.4.5}{\376\377\000X\000M\000L\000\040\000S\000c\000h\000e\000m\000a\174\173\127\213\174\373\176\337}{subsection.4.4}% 52
\BOOKMARK [3][-]{subsubsection.4.4.6}{\376\377\127\050\000X\000M\000L\116\055\213\364\146\016\124\015\171\360\172\172\225\364}{subsection.4.4}% 53
\BOOKMARK [3][-]{subsubsection.4.4.7}{\376\377\133\373\142\176\000X\000M\000L\000\040\000S\000c\000h\000e\000m\000a}{subsection.4.4}% 54
\BOOKMARK [1][-]{section.5}{\376\377\147\015\122\241\152\041\127\213}{}% 55
\BOOKMARK [2][-]{subsection.5.1}{\376\377\000S\000O\000A\000P}{section.5}% 56
\BOOKMARK [3][-]{subsubsection.5.1.1}{\376\377\000S\000O\000A\000P\166\204\137\025\121\145}{subsection.5.1}% 57
\BOOKMARK [3][-]{subsubsection.5.1.2}{\376\377\116\300\116\110\146\057\000S\000O\000A\000P}{subsection.5.1}% 58
\BOOKMARK [3][-]{subsubsection.5.1.3}{\376\377\000S\000O\000A\000P\166\204\116\044\171\315\117\177\165\050\145\271\137\017}{subsection.5.1}% 59
\BOOKMARK [3][-]{subsubsection.5.1.4}{\376\377\000S\000O\000A\000P\166\204\116\044\171\315\116\244\116\222\152\041\137\017}{subsection.5.1}% 60
\BOOKMARK [3][-]{subsubsection.5.1.5}{\376\377\000S\000O\000A\000P\176\323\147\204}{subsection.5.1}% 61
\BOOKMARK [2][-]{subsection.5.2}{\376\377\000W\000S\000D\000L}{section.5}% 62
\BOOKMARK [3][-]{subsubsection.5.2.1}{\376\377\000W\000S\000D\000L\166\204\137\025\121\145}{subsection.5.2}% 63
\BOOKMARK [3][-]{subsubsection.5.2.2}{\376\377\000W\000S\000D\000L\152\041\127\213\166\204\127\372\147\054\151\202\137\365}{subsection.5.2}% 64
\BOOKMARK [3][-]{subsubsection.5.2.3}{\376\377\000W\000S\000D\000L\000\040\0002\000.\0000\117\341\140\157\226\306\176\323\147\204}{subsection.5.2}% 65
\BOOKMARK [3][-]{subsubsection.5.2.4}{\376\377\000W\000S\000D\000L\000\040\0002\000.\0000\166\204\213\355\154\325\124\214\147\072\122\066}{subsection.5.2}% 66
\BOOKMARK [3][-]{subsubsection.5.2.5}{\376\377\000W\000S\000D\000L\173\200\123\026\176\323\147\204}{subsection.5.2}% 67
\BOOKMARK [3][-]{subsubsection.5.2.6}{\376\377\000W\000S\000D\000L\000\040\0001\000.\0001\116\016\000W\000S\000D\000L\000\040\0002\000.\0000\166\204\135\356\137\002}{subsection.5.2}% 68
\BOOKMARK [2][-]{subsection.5.3}{\376\377\000B\000P\000E\000L}{section.5}% 69
\BOOKMARK [3][-]{subsubsection.5.3.1}{\376\377\000B\000P\000E\000L\166\204\137\025\121\145}{subsection.5.3}% 70
\BOOKMARK [3][-]{subsubsection.5.3.2}{\376\377\131\015\124\010\147\015\122\241}{subsection.5.3}% 71
\BOOKMARK [3][-]{subsubsection.5.3.3}{\376\377\000B\000P\000E\000L\166\204\151\202\137\365}{subsection.5.3}% 72
\BOOKMARK [3][-]{subsubsection.5.3.4}{\376\377\116\000\116\052\173\200\123\125\166\204\131\015\124\010\000W\000e\000b\000\040\000S\000e\000r\000v\000i\000c\000e}{subsection.5.3}% 73
\BOOKMARK [3][-]{subsubsection.5.3.5}{\376\377\000B\000P\000E\000L\136\224\165\050\133\236\117\213}{subsection.5.3}% 74
\BOOKMARK [3][-]{subsubsection.5.3.6}{\376\377\000B\000P\000E\000L\121\163\225\056\121\103\175\040}{subsection.5.3}% 75
\BOOKMARK [1][-]{section.6}{\376\377\000W\000e\000b\000\040\000S\000e\000r\000v\000i\000c\000e\166\204\123\321\136\003\124\214\147\345\213\342}{}% 76
\BOOKMARK [2][-]{subsection.6.1}{\376\377\127\050\154\350\121\214\210\150\116\055\123\321\136\003\000\040\000W\000e\000b\000\040\000S\000e\000r\000v\000i\000c\000e}{section.6}% 77
\BOOKMARK [2][-]{subsection.6.2}{\376\377\000U\000D\000D\000I}{section.6}% 78
\BOOKMARK [3][-]{subsubsection.6.2.1}{\376\377\000U\000D\000D\000I\166\204\117\134\165\050}{subsection.6.2}% 79
\BOOKMARK [3][-]{subsubsection.6.2.2}{\376\377\000U\000D\000D\000I\176\323\147\204}{subsection.6.2}% 80
\BOOKMARK [3][-]{subsubsection.6.2.3}{\376\377\000W\000S\000D\000L\116\016\000U\000D\000D\000I\225\364\166\204\146\040\134\004}{subsection.6.2}% 81
\BOOKMARK [3][-]{subsubsection.6.2.4}{\376\377\000U\000D\000D\000I\000\040\000A\000P\000I}{subsection.6.2}% 82
\BOOKMARK [3][-]{subsubsection.6.2.5}{\376\377\000U\000D\000D\000I\123\321\136\003\000A\000P\000I}{subsection.6.2}% 83
\BOOKMARK [2][-]{subsection.6.3}{\376\377\000W\000S\000I\000L}{section.6}% 84
\BOOKMARK [3][-]{subsubsection.6.3.1}{\376\377\000W\000S\000I\000L\123\321\136\003}{subsection.6.3}% 85
\BOOKMARK [3][-]{subsubsection.6.3.2}{\376\377\116\000\116\052\000W\000S\000I\000L\224\376\166\204\117\213\133\120}{subsection.6.3}% 86
\BOOKMARK [3][-]{subsubsection.6.3.3}{\376\377\000U\000D\000D\000I\123\321\136\003\116\016\000W\000S\000I\000L\123\321\136\003}{subsection.6.3}% 87
\BOOKMARK [2][-]{subsection.6.4}{\376\377\000W\000e\000b\000\040\000S\000e\000r\000v\000i\000c\000e\000s\147\345\213\342}{section.6}% 88
\BOOKMARK [3][-]{subsubsection.6.4.1}{\376\377\000U\000D\000D\000I\147\345\213\342}{subsection.6.4}% 89
\BOOKMARK [3][-]{subsubsection.6.4.2}{\376\377\000W\000I\000S\000L\147\345\213\342}{subsection.6.4}% 90
\BOOKMARK [3][-]{subsubsection.6.4.3}{\376\377\000J\000A\000X\000R}{subsection.6.4}% 91
\BOOKMARK [1][-]{section.7}{\376\377\000W\000S\000-\000*\123\117\213\256}{}% 92
\BOOKMARK [2][-]{subsection.7.1}{\376\377\000W\000S\000-\000*\123\117\213\256\166\204\151\202\137\365}{section.7}% 93
\BOOKMARK [2][-]{subsection.7.2}{\376\377\000W\000S\000-\000*\123\117\213\256\121\167\117\123\122\006\174\173}{section.7}% 94
\BOOKMARK [2][-]{subsection.7.3}{\376\377\000W\000S\000-\000A\000d\000d\000r\000e\000s\000s\000i\000n\000g}{section.7}% 95
\BOOKMARK [3][-]{subsubsection.7.3.1}{\376\377\000W\000e\000b\000\040\000S\000e\000r\000v\000i\000c\000e\116\055\166\204\155\210\140\157\122\006\123\321}{subsection.7.3}% 96
\BOOKMARK [3][-]{subsubsection.7.3.2}{\376\377\000W\000S\000-\000A\000d\000d\000r\000e\000s\000s\000i\000n\000g\123\117\213\256}{subsection.7.3}% 97
\BOOKMARK [2][-]{subsection.7.4}{\376\377\000W\000S\000R\000F}{section.7}% 98
\BOOKMARK [3][-]{subsubsection.7.4.1}{\376\377\145\340\162\266\140\001\124\214\147\011\162\266\140\001\166\204\000W\000e\000b\000\040\000S\000e\000r\000v\000i\000c\000e}{subsection.7.4}% 99
\BOOKMARK [3][-]{subsubsection.7.4.2}{\376\377\000W\000e\000b\000\040\000S\000e\000r\000v\000i\000c\000e\000\040\215\104\156\220\150\106\147\266\000\050\000W\000S\000R\000F\000\051}{subsection.7.4}% 100
\BOOKMARK [2][-]{subsection.7.5}{\376\377\000W\000S\000-\000S\000e\000c\000u\000r\000i\000t\000y}{section.7}% 101
\BOOKMARK [3][-]{subsubsection.7.5.1}{\376\377\000W\000S\000-\000S\000e\000c\000u\000r\000i\000t\000y\215\357\176\277\126\376}{subsection.7.5}% 102
\BOOKMARK [3][-]{subsubsection.7.5.2}{\376\377\137\025\121\145\000W\000S\000-\000S\000e\000c\000u\000r\000i\000t\000y\124\016\166\204\000S\000O\000A\000P\155\210\140\157}{subsection.7.5}% 103
\BOOKMARK [2][-]{subsection.7.6}{\376\377\000W\000S\000-\000C\000o\000o\000r\000d\000i\000n\000a\000t\000i\000o\000n}{section.7}% 104
\BOOKMARK [3][-]{subsubsection.7.6.1}{\376\377\123\117\214\003\150\106\147\266}{subsection.7.6}% 105
\BOOKMARK [3][-]{subsubsection.7.6.2}{\376\377\123\117\214\003\116\012\116\013\145\207}{subsection.7.6}% 106
\BOOKMARK [3][-]{subsubsection.7.6.3}{\376\377\123\117\214\003\217\307\172\013}{subsection.7.6}% 107
\BOOKMARK [3][-]{subsubsection.7.6.4}{\376\377\123\117\214\003\174\173\127\213}{subsection.7.6}% 108
\BOOKMARK [3][-]{subsubsection.7.6.5}{\376\377\000W\000S\000A\000T}{subsection.7.6}% 109
\BOOKMARK [3][-]{subsubsection.7.6.6}{\376\377\000W\000S\000B\000A}{subsection.7.6}% 110
\BOOKMARK [2][-]{subsection.7.7}{\376\377\000W\000S\000-\000R\000e\000l\000i\000a\000b\000i\000l\000i\000t\000y}{section.7}% 111
